thespot-app-main/android/app/build/intermediates/manifest_merge_blame_file/debug/manifest-merger-blame-debug-report.txt
1<?xml version="1.0" encoding="utf-8"?>
2<manifest xmlns:android="http://schemas.android.com/apk/res/android"
3    package="com.thespotdevpo"
4    android:versionCode="48004"
5    android:versionName="1.1" >
6
7    <uses-sdk
8        android:minSdkVersion="21"
9        android:targetSdkVersion="30" />
10
11    <uses-permission android:name="android.permission.SYSTEM_ALERT_WINDOW" />
11-->src/debug/AndroidManifest.xml:5:5-77
11-->src/debug/AndroidManifest.xml:5:22-75
12    <uses-permission android:name="android.permission.INTERNET" />
12-->src/main/AndroidManifest.xml:5:5-67
12-->src/main/AndroidManifest.xml:5:22-64
13    <uses-permission android:name="android.permission.CAMERA" />
13-->src/main/AndroidManifest.xml:6:5-65
13-->src/main/AndroidManifest.xml:6:22-62
14    <uses-permission android:name="android.permission.WRITE_EXTERNAL_STORAGE" />
14-->src/main/AndroidManifest.xml:7:6-82
14-->src/main/AndroidManifest.xml:7:23-79
15    <uses-permission android:name="android.permission.ACCESS_FINE_LOCATION" />
15-->src/main/AndroidManifest.xml:8:6-80
15-->src/main/AndroidManifest.xml:8:23-77
16    <uses-permission android:name="android.permission.ACCESS_COARSE_LOCATION" />
16-->src/main/AndroidManifest.xml:9:7-83
16-->src/main/AndroidManifest.xml:9:24-80
17    <uses-permission android:name="android.permission.VIBRATE" />
17-->src/main/AndroidManifest.xml:10:6-67
17-->src/main/AndroidManifest.xml:10:23-64
18    <uses-permission android:name="android.permission.ACCESS_NETWORK_STATE" />
18-->src/main/AndroidManifest.xml:11:6-80
18-->src/main/AndroidManifest.xml:11:23-77
19    <uses-permission android:name="android.permission.RECEIVE_BOOT_COMPLETED" />
19-->src/main/AndroidManifest.xml:12:5-80
19-->src/main/AndroidManifest.xml:12:22-78
20    <uses-permission android:name="com.android.vending.BILLING" />
20-->src/main/AndroidManifest.xml:13:4-66
20-->src/main/AndroidManifest.xml:13:21-63
21    <uses-permission android:name="android.permission.ACCESS_WIFI_STATE" />
21-->[com.facebook.flipper:flipper:0.75.1] AndroidManifest.xml:16:5-76
21-->[com.facebook.flipper:flipper:0.75.1] AndroidManifest.xml:16:22-73
22    <uses-permission android:name="android.permission.WAKE_LOCK" /> <!-- Required by older versions of Google Play services to create IID tokens -->
22-->[:react-native-firebase_admob] AndroidManifest.xml:12:5-68
22-->[:react-native-firebase_admob] AndroidManifest.xml:12:22-65
23    <uses-permission android:name="com.google.android.c2dm.permission.RECEIVE" /> <!-- Android package visibility setting -->
23-->[com.google.firebase:firebase-messaging:22.0.0] AndroidManifest.xml:25:5-82
23-->[com.google.firebase:firebase-messaging:22.0.0] AndroidManifest.xml:25:22-79
24    <queries>
24-->[com.google.android.gms:play-services-ads-lite:19.8.0] AndroidManifest.xml:27:5-43:15
25
26        <!-- For browser content -->
27        <intent>
27-->[com.google.android.gms:play-services-ads-lite:19.8.0] AndroidManifest.xml:30:9-36:18
28            <action android:name="android.intent.action.VIEW" />
28-->[com.google.android.gms:play-services-ads-lite:19.8.0] AndroidManifest.xml:31:13-65
28-->[com.google.android.gms:play-services-ads-lite:19.8.0] AndroidManifest.xml:31:21-62
29
30            <category android:name="android.intent.category.BROWSABLE" />
30-->[com.google.android.gms:play-services-ads-lite:19.8.0] AndroidManifest.xml:33:13-74
30-->[com.google.android.gms:play-services-ads-lite:19.8.0] AndroidManifest.xml:33:23-71
31
32            <data android:scheme="https" />
32-->[com.google.android.gms:play-services-ads-lite:19.8.0] AndroidManifest.xml:35:13-44
32-->[com.google.android.gms:play-services-ads-lite:19.8.0] AndroidManifest.xml:35:19-41
33        </intent>
34        <!-- End of browser content -->
35        <!-- For CustomTabsService -->
36        <intent>
36-->[com.google.android.gms:play-services-ads-lite:19.8.0] AndroidManifest.xml:39:9-41:18
37            <action android:name="android.support.customtabs.action.CustomTabsService" />
37-->[com.google.android.gms:play-services-ads-lite:19.8.0] AndroidManifest.xml:40:13-90
37-->[com.google.android.gms:play-services-ads-lite:19.8.0] AndroidManifest.xml:40:21-87
38        </intent>
39        <!-- End of CustomTabsService -->
40    </queries>
41
42    <uses-feature
42-->[com.google.android.gms:play-services-maps:17.0.0] AndroidManifest.xml:26:5-28:35
43        android:glEsVersion="0x00020000"
43-->[com.google.android.gms:play-services-maps:17.0.0] AndroidManifest.xml:27:9-41
44        android:required="true" />
44-->[com.google.android.gms:play-services-maps:17.0.0] AndroidManifest.xml:28:9-32
45
46    <uses-permission android:name="com.google.android.finsky.permission.BIND_GET_INSTALL_REFERRER_SERVICE" /> <!-- for android -->
46-->[com.google.android.gms:play-services-measurement:19.0.0] AndroidManifest.xml:26:5-110
46-->[com.google.android.gms:play-services-measurement:19.0.0] AndroidManifest.xml:26:22-107
47    <!-- <uses-permission android:name="com.android.launcher.permission.READ_SETTINGS"/> -->
48    <!-- <uses-permission android:name="com.android.launcher.permission.WRITE_SETTINGS"/> -->
49    <!-- <uses-permission android:name="com.android.launcher.permission.INSTALL_SHORTCUT" /> -->
50    <!-- <uses-permission android:name="com.android.launcher.permission.UNINSTALL_SHORTCUT" /> -->
51    <!-- for Samsung -->
52    <uses-permission android:name="com.sec.android.provider.badge.permission.READ" />
52-->[me.leolin:ShortcutBadger:1.1.22] AndroidManifest.xml:19:5-86
52-->[me.leolin:ShortcutBadger:1.1.22] AndroidManifest.xml:19:22-83
53    <uses-permission android:name="com.sec.android.provider.badge.permission.WRITE" /> <!-- for htc -->
53-->[me.leolin:ShortcutBadger:1.1.22] AndroidManifest.xml:20:5-87
53-->[me.leolin:ShortcutBadger:1.1.22] AndroidManifest.xml:20:22-84
54    <uses-permission android:name="com.htc.launcher.permission.READ_SETTINGS" />
54-->[me.leolin:ShortcutBadger:1.1.22] AndroidManifest.xml:23:5-81
54-->[me.leolin:ShortcutBadger:1.1.22] AndroidManifest.xml:23:22-78
55    <uses-permission android:name="com.htc.launcher.permission.UPDATE_SHORTCUT" /> <!-- for sony -->
55-->[me.leolin:ShortcutBadger:1.1.22] AndroidManifest.xml:24:5-83
55-->[me.leolin:ShortcutBadger:1.1.22] AndroidManifest.xml:24:22-80
56    <uses-permission android:name="com.sonyericsson.home.permission.BROADCAST_BADGE" />
56-->[me.leolin:ShortcutBadger:1.1.22] AndroidManifest.xml:27:5-88
56-->[me.leolin:ShortcutBadger:1.1.22] AndroidManifest.xml:27:22-85
57    <uses-permission android:name="com.sonymobile.home.permission.PROVIDER_INSERT_BADGE" /> <!-- for apex -->
57-->[me.leolin:ShortcutBadger:1.1.22] AndroidManifest.xml:28:5-92
57-->[me.leolin:ShortcutBadger:1.1.22] AndroidManifest.xml:28:22-89
58    <uses-permission android:name="com.anddoes.launcher.permission.UPDATE_COUNT" /> <!-- for solid -->
58-->[me.leolin:ShortcutBadger:1.1.22] AndroidManifest.xml:31:5-84
58-->[me.leolin:ShortcutBadger:1.1.22] AndroidManifest.xml:31:22-81
59    <uses-permission android:name="com.majeur.launcher.permission.UPDATE_BADGE" /> <!-- for huawei -->
59-->[me.leolin:ShortcutBadger:1.1.22] AndroidManifest.xml:34:5-83
59-->[me.leolin:ShortcutBadger:1.1.22] AndroidManifest.xml:34:22-80
60    <uses-permission android:name="com.huawei.android.launcher.permission.CHANGE_BADGE" />
60-->[me.leolin:ShortcutBadger:1.1.22] AndroidManifest.xml:37:5-91
60-->[me.leolin:ShortcutBadger:1.1.22] AndroidManifest.xml:37:22-88
61    <uses-permission android:name="com.huawei.android.launcher.permission.READ_SETTINGS" />
61-->[me.leolin:ShortcutBadger:1.1.22] AndroidManifest.xml:38:5-92
61-->[me.leolin:ShortcutBadger:1.1.22] AndroidManifest.xml:38:22-89
62    <uses-permission android:name="com.huawei.android.launcher.permission.WRITE_SETTINGS" /> <!-- for ZUK -->
62-->[me.leolin:ShortcutBadger:1.1.22] AndroidManifest.xml:39:5-93
62-->[me.leolin:ShortcutBadger:1.1.22] AndroidManifest.xml:39:22-90
63    <uses-permission android:name="android.permission.READ_APP_BADGE" /> <!-- for OPPO -->
63-->[me.leolin:ShortcutBadger:1.1.22] AndroidManifest.xml:42:5-73
63-->[me.leolin:ShortcutBadger:1.1.22] AndroidManifest.xml:42:22-70
64    <uses-permission android:name="com.oppo.launcher.permission.READ_SETTINGS" />
64-->[me.leolin:ShortcutBadger:1.1.22] AndroidManifest.xml:45:5-82
64-->[me.leolin:ShortcutBadger:1.1.22] AndroidManifest.xml:45:22-79
65    <uses-permission android:name="com.oppo.launcher.permission.WRITE_SETTINGS" /> <!-- for EvMe -->
65-->[me.leolin:ShortcutBadger:1.1.22] AndroidManifest.xml:46:5-83
65-->[me.leolin:ShortcutBadger:1.1.22] AndroidManifest.xml:46:22-80
66    <uses-permission android:name="me.everything.badger.permission.BADGE_COUNT_READ" />
66-->[me.leolin:ShortcutBadger:1.1.22] AndroidManifest.xml:49:5-88
66-->[me.leolin:ShortcutBadger:1.1.22] AndroidManifest.xml:49:22-85
67    <uses-permission android:name="me.everything.badger.permission.BADGE_COUNT_WRITE" />
67-->[me.leolin:ShortcutBadger:1.1.22] AndroidManifest.xml:50:5-89
67-->[me.leolin:ShortcutBadger:1.1.22] AndroidManifest.xml:50:22-86
68
69    <application
69-->src/main/AndroidManifest.xml:15:5-69:19
70        android:name="com.thespotdevpo.MainApplication"
70-->src/main/AndroidManifest.xml:16:7-38
71        android:allowBackup="false"
71-->src/main/AndroidManifest.xml:21:7-34
72        android:appComponentFactory="androidx.core.app.CoreComponentFactory"
72-->[androidx.core:core:1.3.0] AndroidManifest.xml:24:18-86
73        android:debuggable="true"
74        android:icon="@mipmap/ic_launcher"
74-->src/main/AndroidManifest.xml:18:7-41
75        android:label="@string/app_name"
75-->src/main/AndroidManifest.xml:17:7-39
76        android:requestLegacyExternalStorage="true"
76-->src/main/AndroidManifest.xml:20:7-50
77        android:roundIcon="@mipmap/ic_launcher_round"
77-->src/main/AndroidManifest.xml:19:7-52
78        android:theme="@style/AppTheme"
78-->src/main/AndroidManifest.xml:23:7-38
79        android:usesCleartextTraffic="true" >
79-->src/main/AndroidManifest.xml:22:7-42
80        <activity android:name="com.facebook.react.devsupport.DevSettingsActivity" />
80-->src/main/AndroidManifest.xml:65:7-84
80-->src/main/AndroidManifest.xml:65:17-81
81        <!-- In App Notifications -->
82        <!-- Change the value to true to enable pop-up for in foreground on receiving remote notifications (for prevent duplicating while showing local notifications set this to false) -->
83        <!--
84 <meta-data  android:name="com.dieam.reactnativepushnotification.notification_foreground"
85                android:value="true"/>
86        -->
87        <!-- Change the resource name to your App's accent color - or any other color you want -->
88        <meta-data
88-->src/main/AndroidManifest.xml:30:5-31:50
89            android:name="com.dieam.reactnativepushnotification.notification_color"
89-->src/main/AndroidManifest.xml:30:17-88
90            android:resource="@color/white" /> <!-- or @android:color/{name} to use a standard color -->
90-->src/main/AndroidManifest.xml:31:17-48
91        <!--
92 <meta-data android:name="com.google.firebase.messaging.default_notification_icon"
93        android:resource="@mipmap/ic_notification" />
94        -->
95        <receiver android:name="com.dieam.reactnativepushnotification.modules.RNPushNotificationActions" />
95-->src/main/AndroidManifest.xml:36:5-104
95-->src/main/AndroidManifest.xml:36:15-101
96        <receiver android:name="com.dieam.reactnativepushnotification.modules.RNPushNotificationPublisher" />
96-->src/main/AndroidManifest.xml:37:7-108
96-->src/main/AndroidManifest.xml:37:17-105
97        <receiver android:name="com.dieam.reactnativepushnotification.modules.RNPushNotificationBootEventReceiver" >
97-->src/main/AndroidManifest.xml:38:7-44:18
97-->src/main/AndroidManifest.xml:38:17-113
98            <intent-filter>
98-->src/main/AndroidManifest.xml:39:11-43:27
99                <action android:name="android.intent.action.BOOT_COMPLETED" />
99-->src/main/AndroidManifest.xml:40:15-77
99-->src/main/AndroidManifest.xml:40:23-74
100                <action android:name="android.intent.action.QUICKBOOT_POWERON" />
100-->src/main/AndroidManifest.xml:41:15-80
100-->src/main/AndroidManifest.xml:41:23-77
101                <action android:name="com.htc.intent.action.QUICKBOOT_POWERON" />
101-->src/main/AndroidManifest.xml:42:15-79
101-->src/main/AndroidManifest.xml:42:23-77
102            </intent-filter>
103        </receiver>
104
105        <service
105-->src/main/AndroidManifest.xml:46:7-52:17
106            android:name="com.dieam.reactnativepushnotification.modules.RNPushNotificationListenerService"
106-->src/main/AndroidManifest.xml:47:11-105
107            android:exported="false" >
107-->src/main/AndroidManifest.xml:48:11-35
108            <intent-filter>
108-->src/main/AndroidManifest.xml:49:11-51:27
109                <action android:name="com.google.firebase.MESSAGING_EVENT" />
109-->src/main/AndroidManifest.xml:50:15-76
109-->src/main/AndroidManifest.xml:50:23-73
110            </intent-filter>
111        </service>
112
113        <activity
113-->src/main/AndroidManifest.xml:54:7-64:18
114            android:name="com.thespotdevpo.MainActivity"
114-->src/main/AndroidManifest.xml:55:9-37
115            android:configChanges="keyboard|keyboardHidden|orientation|screenSize|uiMode"
115-->src/main/AndroidManifest.xml:57:9-86
116            android:label="@string/app_name"
116-->src/main/AndroidManifest.xml:56:9-41
117            android:launchMode="singleTask"
117-->src/main/AndroidManifest.xml:58:9-40
118            android:windowSoftInputMode="adjustResize" >
118-->src/main/AndroidManifest.xml:59:9-51
119            <intent-filter>
119-->src/main/AndroidManifest.xml:60:9-63:25
120                <action android:name="android.intent.action.MAIN" />
120-->src/main/AndroidManifest.xml:61:13-65
120-->src/main/AndroidManifest.xml:61:21-62
121
122                <category android:name="android.intent.category.LAUNCHER" />
122-->src/main/AndroidManifest.xml:62:13-73
122-->src/main/AndroidManifest.xml:62:23-70
123            </intent-filter>
124        </activity>
125
126        <meta-data
126-->src/main/AndroidManifest.xml:66:11-109
127            android:name="com.facebook.sdk.ApplicationId"
127-->src/main/AndroidManifest.xml:66:22-67
128            android:value="@string/facebook_app_id" />
128-->src/main/AndroidManifest.xml:66:68-107
129        <meta-data
129-->src/main/AndroidManifest.xml:67:11-125
130            android:name="com.google.android.geo.API_KEY"
130-->src/main/AndroidManifest.xml:67:22-67
131            android:value="AIzaSyDeVK7SBvtXVqPICJOiFKiVXQv8bqHcAfs" />
131-->src/main/AndroidManifest.xml:67:68-123
132
133        <uses-library
133-->src/main/AndroidManifest.xml:68:11-89
134            android:name="org.apache.http.legacy"
134-->src/main/AndroidManifest.xml:68:25-62
135            android:required="false" />
135-->src/main/AndroidManifest.xml:68:63-87
136
137        <meta-data
137-->[:react-native-firebase_admob] AndroidManifest.xml:16:9-18:70
138            android:name="com.google.android.gms.ads.APPLICATION_ID"
138-->[:react-native-firebase_admob] AndroidManifest.xml:17:13-69
139            android:value="ca-app-pub-3725930665142395/2417471703" />
139-->[:react-native-firebase_admob] AndroidManifest.xml:18:13-67
140        <meta-data
140-->[:react-native-firebase_admob] AndroidManifest.xml:19:9-21:37
141            android:name="com.google.android.gms.ads.DELAY_APP_MEASUREMENT_INIT"
141-->[:react-native-firebase_admob] AndroidManifest.xml:20:13-81
142            android:value="false" />
142-->[:react-native-firebase_admob] AndroidManifest.xml:21:13-34
143
144        <service android:name="io.invertase.firebase.messaging.ReactNativeFirebaseMessagingHeadlessService" />
144-->[:react-native-firebase_messaging] AndroidManifest.xml:16:9-111
144-->[:react-native-firebase_messaging] AndroidManifest.xml:16:18-108
145        <service
145-->[:react-native-firebase_messaging] AndroidManifest.xml:17:9-23:19
146            android:name="io.invertase.firebase.messaging.ReactNativeFirebaseMessagingService"
146-->[:react-native-firebase_messaging] AndroidManifest.xml:18:13-95
147            android:exported="false" >
147-->[:react-native-firebase_messaging] AndroidManifest.xml:19:13-37
148            <intent-filter>
148-->src/main/AndroidManifest.xml:49:11-51:27
149                <action android:name="com.google.firebase.MESSAGING_EVENT" />
149-->src/main/AndroidManifest.xml:50:15-76
149-->src/main/AndroidManifest.xml:50:23-73
150            </intent-filter>
151        </service>
152
153        <receiver
153-->[:react-native-firebase_messaging] AndroidManifest.xml:25:9-32:20
154            android:name="io.invertase.firebase.messaging.ReactNativeFirebaseMessagingReceiver"
154-->[:react-native-firebase_messaging] AndroidManifest.xml:26:13-96
155            android:exported="true"
155-->[:react-native-firebase_messaging] AndroidManifest.xml:27:13-36
156            android:permission="com.google.android.c2dm.permission.SEND" >
156-->[:react-native-firebase_messaging] AndroidManifest.xml:28:13-73
157            <intent-filter>
157-->[:react-native-firebase_messaging] AndroidManifest.xml:29:13-31:29
158                <action android:name="com.google.android.c2dm.intent.RECEIVE" />
158-->[:react-native-firebase_messaging] AndroidManifest.xml:30:17-81
158-->[:react-native-firebase_messaging] AndroidManifest.xml:30:25-78
159            </intent-filter>
160        </receiver>
161
162        <meta-data
162-->[:react-native-firebase_messaging] AndroidManifest.xml:34:9-36:36
163            android:name="firebase_messaging_auto_init_enabled"
163-->[:react-native-firebase_messaging] AndroidManifest.xml:35:13-64
164            android:value="true" />
164-->[:react-native-firebase_messaging] AndroidManifest.xml:36:13-33
165        <meta-data
165-->[:react-native-firebase_messaging] AndroidManifest.xml:37:9-39:32
166            android:name="com.google.firebase.messaging.default_notification_channel_id"
166-->[:react-native-firebase_messaging] AndroidManifest.xml:38:13-89
167            android:value="" />
167-->[:react-native-firebase_messaging] AndroidManifest.xml:39:13-29
168        <meta-data
168-->[:react-native-firebase_messaging] AndroidManifest.xml:40:9-42:47
169            android:name="com.google.firebase.messaging.default_notification_color"
169-->[:react-native-firebase_messaging] AndroidManifest.xml:41:13-84
170            android:resource="@color/white" />
170-->[:react-native-firebase_messaging] AndroidManifest.xml:42:13-44
171
172        <provider
172-->[:react-native-image-picker] AndroidManifest.xml:10:9-18:20
173            android:name="com.imagepicker.FileProvider"
173-->[:react-native-image-picker] AndroidManifest.xml:11:13-56
174            android:authorities="com.thespotdevpo.provider"
174-->[:react-native-image-picker] AndroidManifest.xml:12:13-60
175            android:exported="false"
175-->[:react-native-image-picker] AndroidManifest.xml:13:13-37
176            android:grantUriPermissions="true" >
176-->[:react-native-image-picker] AndroidManifest.xml:14:13-47
177            <meta-data
177-->[:react-native-image-picker] AndroidManifest.xml:15:13-17:58
178                android:name="android.support.FILE_PROVIDER_PATHS"
178-->[:react-native-image-picker] AndroidManifest.xml:16:17-67
179                android:resource="@xml/provider_paths" />
179-->[:react-native-image-picker] AndroidManifest.xml:17:17-55
180        </provider>
181        <provider
181-->[:react-native-webview] AndroidManifest.xml:12:9-20:20
182            android:name="com.reactnativecommunity.webview.RNCWebViewFileProvider"
182-->[:react-native-webview] AndroidManifest.xml:13:13-83
183            android:authorities="com.thespotdevpo.fileprovider"
183-->[:react-native-webview] AndroidManifest.xml:14:13-64
184            android:exported="false"
184-->[:react-native-webview] AndroidManifest.xml:15:13-37
185            android:grantUriPermissions="true" >
185-->[:react-native-webview] AndroidManifest.xml:16:13-47
186            <meta-data
186-->[:react-native-image-picker] AndroidManifest.xml:15:13-17:58
187                android:name="android.support.FILE_PROVIDER_PATHS"
187-->[:react-native-image-picker] AndroidManifest.xml:16:17-67
188                android:resource="@xml/file_provider_paths" />
188-->[:react-native-image-picker] AndroidManifest.xml:17:17-55
189        </provider>
190
191        <receiver
191-->[com.google.firebase:firebase-messaging:22.0.0] AndroidManifest.xml:28:9-35:20
192            android:name="com.google.firebase.iid.FirebaseInstanceIdReceiver"
192-->[com.google.firebase:firebase-messaging:22.0.0] AndroidManifest.xml:29:13-78
193            android:exported="true"
193-->[com.google.firebase:firebase-messaging:22.0.0] AndroidManifest.xml:30:13-36
194            android:permission="com.google.android.c2dm.permission.SEND" >
194-->[com.google.firebase:firebase-messaging:22.0.0] AndroidManifest.xml:31:13-73
195            <intent-filter>
195-->[:react-native-firebase_messaging] AndroidManifest.xml:29:13-31:29
196                <action android:name="com.google.android.c2dm.intent.RECEIVE" />
196-->[:react-native-firebase_messaging] AndroidManifest.xml:30:17-81
196-->[:react-native-firebase_messaging] AndroidManifest.xml:30:25-78
197            </intent-filter>
198        </receiver>
199        <!--
200             FirebaseMessagingService performs security checks at runtime,
201             but set to not exported to explicitly avoid allowing another app to call it.
202        -->
203        <service
203-->[com.google.firebase:firebase-messaging:22.0.0] AndroidManifest.xml:41:9-48:19
204            android:name="com.google.firebase.messaging.FirebaseMessagingService"
204-->[com.google.firebase:firebase-messaging:22.0.0] AndroidManifest.xml:42:13-82
205            android:directBootAware="true"
205-->[com.google.firebase:firebase-messaging:22.0.0] AndroidManifest.xml:43:13-43
206            android:exported="false" >
206-->[com.google.firebase:firebase-messaging:22.0.0] AndroidManifest.xml:44:13-37
207            <intent-filter android:priority="-500" >
207-->src/main/AndroidManifest.xml:49:11-51:27
208                <action android:name="com.google.firebase.MESSAGING_EVENT" />
208-->src/main/AndroidManifest.xml:50:15-76
208-->src/main/AndroidManifest.xml:50:23-73
209            </intent-filter>
210        </service>
211        <service
211-->[com.google.firebase:firebase-messaging:22.0.0] AndroidManifest.xml:49:9-55:19
212            android:name="com.google.firebase.components.ComponentDiscoveryService"
212-->[com.google.firebase:firebase-messaging:22.0.0] AndroidManifest.xml:50:13-84
213            android:directBootAware="true"
213-->[com.google.firebase:firebase-common:20.0.0] AndroidManifest.xml:35:13-43
214            android:exported="false" >
214-->[com.google.firebase:firebase-messaging:22.0.0] AndroidManifest.xml:51:13-37
215            <meta-data
215-->[com.google.firebase:firebase-messaging:22.0.0] AndroidManifest.xml:52:13-54:85
216                android:name="com.google.firebase.components:com.google.firebase.messaging.FirebaseMessagingRegistrar"
216-->[com.google.firebase:firebase-messaging:22.0.0] AndroidManifest.xml:53:17-119
217                android:value="com.google.firebase.components.ComponentRegistrar" />
217-->[com.google.firebase:firebase-messaging:22.0.0] AndroidManifest.xml:54:17-82
218            <meta-data
218-->[com.google.firebase:firebase-datatransport:18.0.0] AndroidManifest.xml:28:13-30:85
219                android:name="com.google.firebase.components:com.google.firebase.datatransport.TransportRegistrar"
219-->[com.google.firebase:firebase-datatransport:18.0.0] AndroidManifest.xml:29:17-115
220                android:value="com.google.firebase.components.ComponentRegistrar" />
220-->[com.google.firebase:firebase-datatransport:18.0.0] AndroidManifest.xml:30:17-82
221            <meta-data
221-->[com.google.android.gms:play-services-measurement-api:19.0.0] AndroidManifest.xml:30:13-32:85
222                android:name="com.google.firebase.components:com.google.firebase.analytics.connector.internal.AnalyticsConnectorRegistrar"
222-->[com.google.android.gms:play-services-measurement-api:19.0.0] AndroidManifest.xml:31:17-139
223                android:value="com.google.firebase.components.ComponentRegistrar" />
223-->[com.google.android.gms:play-services-measurement-api:19.0.0] AndroidManifest.xml:32:17-82
224            <meta-data
224-->[com.google.firebase:firebase-installations:17.0.0] AndroidManifest.xml:18:13-20:85
225                android:name="com.google.firebase.components:com.google.firebase.installations.FirebaseInstallationsRegistrar"
225-->[com.google.firebase:firebase-installations:17.0.0] AndroidManifest.xml:19:17-127
226                android:value="com.google.firebase.components.ComponentRegistrar" />
226-->[com.google.firebase:firebase-installations:17.0.0] AndroidManifest.xml:20:17-82
227        </service>
228        <service
228-->[com.google.android.datatransport:transport-backend-cct:3.0.0] AndroidManifest.xml:29:9-35:19
229            android:name="com.google.android.datatransport.runtime.backends.TransportBackendDiscovery"
229-->[com.google.android.datatransport:transport-backend-cct:3.0.0] AndroidManifest.xml:30:13-103
230            android:exported="false" >
230-->[com.google.android.datatransport:transport-backend-cct:3.0.0] AndroidManifest.xml:31:13-37
231            <meta-data
231-->[com.google.android.datatransport:transport-backend-cct:3.0.0] AndroidManifest.xml:32:13-34:39
232                android:name="backend:com.google.android.datatransport.cct.CctBackendFactory"
232-->[com.google.android.datatransport:transport-backend-cct:3.0.0] AndroidManifest.xml:33:17-94
233                android:value="cct" />
233-->[com.google.android.datatransport:transport-backend-cct:3.0.0] AndroidManifest.xml:34:17-36
234        </service>
235
236        <provider
236-->[com.google.firebase:firebase-common:20.0.0] AndroidManifest.xml:26:9-31:39
237            android:name="com.google.firebase.provider.FirebaseInitProvider"
237-->[com.google.firebase:firebase-common:20.0.0] AndroidManifest.xml:27:13-77
238            android:authorities="com.thespotdevpo.firebaseinitprovider"
238-->[com.google.firebase:firebase-common:20.0.0] AndroidManifest.xml:28:13-72
239            android:directBootAware="true"
239-->[com.google.firebase:firebase-common:20.0.0] AndroidManifest.xml:29:13-43
240            android:exported="false"
240-->[com.google.firebase:firebase-common:20.0.0] AndroidManifest.xml:30:13-37
241            android:initOrder="100" /> <!-- Include the AdActivity and InAppPurchaseActivity configChanges and themes. -->
241-->[com.google.firebase:firebase-common:20.0.0] AndroidManifest.xml:31:13-36
242        <activity
242-->[com.google.android.gms:play-services-ads-lite:19.8.0] AndroidManifest.xml:48:9-52:64
243            android:name="com.google.android.gms.ads.AdActivity"
243-->[com.google.android.gms:play-services-ads-lite:19.8.0] AndroidManifest.xml:49:13-65
244            android:configChanges="keyboard|keyboardHidden|orientation|screenLayout|uiMode|screenSize|smallestScreenSize"
244-->[com.google.android.gms:play-services-ads-lite:19.8.0] AndroidManifest.xml:50:13-122
245            android:exported="false"
245-->[com.google.android.gms:play-services-ads-lite:19.8.0] AndroidManifest.xml:51:13-37
246            android:theme="@android:style/Theme.Translucent" />
246-->[com.google.android.gms:play-services-ads-lite:19.8.0] AndroidManifest.xml:52:13-61
247
248        <provider
248-->[com.google.android.gms:play-services-ads-lite:19.8.0] AndroidManifest.xml:54:9-58:39
249            android:name="com.google.android.gms.ads.MobileAdsInitProvider"
249-->[com.google.android.gms:play-services-ads-lite:19.8.0] AndroidManifest.xml:55:13-76
250            android:authorities="com.thespotdevpo.mobileadsinitprovider"
250-->[com.google.android.gms:play-services-ads-lite:19.8.0] AndroidManifest.xml:56:13-73
251            android:exported="false"
251-->[com.google.android.gms:play-services-ads-lite:19.8.0] AndroidManifest.xml:57:13-37
252            android:initOrder="100" />
252-->[com.google.android.gms:play-services-ads-lite:19.8.0] AndroidManifest.xml:58:13-36
253
254        <service
254-->[com.google.android.gms:play-services-ads-lite:19.8.0] AndroidManifest.xml:60:9-63:40
255            android:name="com.google.android.gms.ads.AdService"
255-->[com.google.android.gms:play-services-ads-lite:19.8.0] AndroidManifest.xml:61:13-64
256            android:enabled="true"
256-->[com.google.android.gms:play-services-ads-lite:19.8.0] AndroidManifest.xml:62:13-35
257            android:exported="false" />
257-->[com.google.android.gms:play-services-ads-lite:19.8.0] AndroidManifest.xml:63:13-37
258
259        <provider
259-->[androidx.work:work-runtime:2.1.0] AndroidManifest.xml:30:9-36:35
260            android:name="androidx.work.impl.WorkManagerInitializer"
260-->[androidx.work:work-runtime:2.1.0] AndroidManifest.xml:31:13-69
261            android:authorities="com.thespotdevpo.workmanager-init"
261-->[androidx.work:work-runtime:2.1.0] AndroidManifest.xml:32:13-68
262            android:directBootAware="false"
262-->[androidx.work:work-runtime:2.1.0] AndroidManifest.xml:33:13-44
263            android:exported="false"
263-->[androidx.work:work-runtime:2.1.0] AndroidManifest.xml:34:13-37
264            android:multiprocess="true" />
264-->[androidx.work:work-runtime:2.1.0] AndroidManifest.xml:35:13-40
265
266        <service
266-->[androidx.work:work-runtime:2.1.0] AndroidManifest.xml:38:9-43:35
267            android:name="androidx.work.impl.background.systemalarm.SystemAlarmService"
267-->[androidx.work:work-runtime:2.1.0] AndroidManifest.xml:39:13-88
268            android:directBootAware="false"
268-->[androidx.work:work-runtime:2.1.0] AndroidManifest.xml:40:13-44